Change Component Footprint: Designator=C? Old Footprint=RAD-0.3 New Footprint=0805 CAP
Change Component Footprint: Designator=C? Old Footprint=RAD-0.3 New Footprint=0805 CAP
Change Component Comment : Designator=C? Old Comment=Cap New Comment=10uF
Change Component Comment : Designator=C? Old Comment=Cap New Comment=10uF
Change component parameters: Designator = "C?"; Footprint = "0805 CAP"; UniqueID = "\OQVLEMCE"
Change component parameters. Clean all parameters for all variants
Change component parameters (AddParameter): Name = "LatestRevisionDate"; Value = "17-Jul-2002"; VariantName = "[No Variations]"
Change component parameters (AddParameter): Name = "LatestRevisionNote"; Value = "Re-released for DXP Platform."; VariantName = "[No Variations]"
Change component parameters (AddParameter): Name = "PackageReference"; Value = "RAD-0.3"; VariantName = "[No Variations]"
Change component parameters (AddParameter): Name = "Published"; Value = "8-Jun-2000"; VariantName = "[No Variations]"
Change component parameters (AddParameter): Name = "Publisher"; Value = "Altium Limited"; VariantName = "[No Variations]"
Change component parameters: Designator = "C?"; Footprint = "0805 CAP"; UniqueID = "\TKNWNCOO"
Change component parameters. Clean all parameters for all variants
Change component parameters (AddParameter): Name = "LatestRevisionDate"; Value = "17-Jul-2002"; VariantName = "[No Variations]"
Change component parameters (AddParameter): Name = "LatestRevisionNote"; Value = "Re-released for DXP Platform."; VariantName = "[No Variations]"
Change component parameters (AddParameter): Name = "PackageReference"; Value = "RAD-0.3"; VariantName = "[No Variations]"
Change component parameters (AddParameter): Name = "Published"; Value = "8-Jun-2000"; VariantName = "[No Variations]"
Change component parameters (AddParameter): Name = "Publisher"; Value = "Altium Limited"; VariantName = "[No Variations]"
Added Component: Designator=P?(HDR1X4)
Add component. Clean all parameters for all variants
Add component (AddParameter): Name = "LatestRevisionDate"; Value = "17-Jul-2002"; VariantName = "[No Variations]"
Add component (AddParameter): Name = "LatestRevisionNote"; Value = "Re-released for DXP Platform."; VariantName = "[No Variations]"
Add component (AddParameter): Name = "Publisher"; Value = "Altium Limited"; VariantName = "[No Variations]"
Added Pin To Net: NetName=GND Pin=P?-1
Added Pin To Net: NetName=TX/RC6 Pin=P?-2
Added Pin To Net: NetName=RX/RC7 Pin=P?-3
Added Pin To Net: NetName=3V3 Pin=P?-4
Added Member To Class: ClassName=Sheet1 Member=Component C? 10uF
Added Member To Class: ClassName=Sheet1 Member=Component P? Header 6
Added Member To Class: ClassName=Sheet1 Member=Component P? Header 12
Added Member To Class: ClassName=Sheet1 Member=Component P? Header 12
Added Room: Name=Sheet1
