Added Component: Designator=C?(RAD-0.3)
Add component. Clean all parameters for all variants
Add component (AddParameter): Name = "LatestRevisionDate"; Value = "17-Jul-2002"; VariantName = "[No Variations]"
Add component (AddParameter): Name = "LatestRevisionNote"; Value = "Re-released for DXP Platform."; VariantName = "[No Variations]"
Add component (AddParameter): Name = "PackageDescription"; Value = "Radial Cap, Thru-Hole; 2 Leads; 0.3 in Pin Spacing"; VariantName = "[No Variations]"
Add component (AddParameter): Name = "PackageReference"; Value = "RAD-0.3"; VariantName = "[No Variations]"
Add component (AddParameter): Name = "Published"; Value = "8-Jun-2000"; VariantName = "[No Variations]"
Add component (AddParameter): Name = "Publisher"; Value = "Altium Limited"; VariantName = "[No Variations]"
Add component (AddParameter): Name = "Value"; Value = "10uF"; VariantName = "[No Variations]"
Added Component: Designator=C?(RAD-0.3)
Add component. Clean all parameters for all variants
Add component (AddParameter): Name = "LatestRevisionDate"; Value = "17-Jul-2002"; VariantName = "[No Variations]"
Add component (AddParameter): Name = "LatestRevisionNote"; Value = "Re-released for DXP Platform."; VariantName = "[No Variations]"
Add component (AddParameter): Name = "PackageDescription"; Value = "Radial Cap, Thru-Hole; 2 Leads; 0.3 in Pin Spacing"; VariantName = "[No Variations]"
Add component (AddParameter): Name = "PackageReference"; Value = "RAD-0.3"; VariantName = "[No Variations]"
Add component (AddParameter): Name = "Published"; Value = "8-Jun-2000"; VariantName = "[No Variations]"
Add component (AddParameter): Name = "Publisher"; Value = "Altium Limited"; VariantName = "[No Variations]"
Add component (AddParameter): Name = "Value"; Value = "10uF 6.3V"; VariantName = "[No Variations]"
Added Component: Designator=J(SAMTEC_RSP-122811-02)
Add component. Clean all parameters for all variants
Add component (AddParameter): Name = "Availability"; Value = "Unavailable"; VariantName = "[No Variations]"
Add component (AddParameter): Name = "MF"; Value = "Samtec Inc."; VariantName = "[No Variations]"
Add component (AddParameter): Name = "MP"; Value = "RSP-122811-02"; VariantName = "[No Variations]"
Add component (AddParameter): Name = "Package"; Value = "None"; VariantName = "[No Variations]"
Add component (AddParameter): Name = "Price"; Value = "None"; VariantName = "[No Variations]"
Add component (AddParameter): Name = "SnapEDA_Link"; Value = "https://www.snapeda.com/parts/RSP-122811-02/Samtec%20Inc./view-part/2771725/?ref=snap"; VariantName = "[No Variations]"
Add component (AddParameter): Name = "Value"; Value = ""; VariantName = "[No Variations]"
Added Component: Designator=P?(HDR1X6)
Add component. Clean all parameters for all variants
Add component (AddParameter): Name = "LatestRevisionDate"; Value = "17-Jul-2002"; VariantName = "[No Variations]"
Add component (AddParameter): Name = "LatestRevisionNote"; Value = "Re-released for DXP Platform."; VariantName = "[No Variations]"
Add component (AddParameter): Name = "Publisher"; Value = "Altium Limited"; VariantName = "[No Variations]"
Added Component: Designator=P?(HDR1X12)
Add component. Clean all parameters for all variants
Add component (AddParameter): Name = "LatestRevisionDate"; Value = "17-Jul-2002"; VariantName = "[No Variations]"
Add component (AddParameter): Name = "LatestRevisionNote"; Value = "Re-released for DXP Platform."; VariantName = "[No Variations]"
Add component (AddParameter): Name = "Publisher"; Value = "Altium Limited"; VariantName = "[No Variations]"
Added Component: Designator=P?(HDR1X12)
Add component. Clean all parameters for all variants
Add component (AddParameter): Name = "LatestRevisionDate"; Value = "17-Jul-2002"; VariantName = "[No Variations]"
Add component (AddParameter): Name = "LatestRevisionNote"; Value = "Re-released for DXP Platform."; VariantName = "[No Variations]"
Add component (AddParameter): Name = "Publisher"; Value = "Altium Limited"; VariantName = "[No Variations]"
Added Component: Designator=U(XCVR_RN2903-I/RM095)
Add component. Clean all parameters for all variants
Add component (AddParameter): Name = "Availability"; Value = "Unavailable"; VariantName = "[No Variations]"
Add component (AddParameter): Name = "MF"; Value = "Microchip"; VariantName = "[No Variations]"
Add component (AddParameter): Name = "MP"; Value = "RN2903-I/RM095"; VariantName = "[No Variations]"
Add component (AddParameter): Name = "Package"; Value = "Module Microchip"; VariantName = "[No Variations]"
Add component (AddParameter): Name = "Price"; Value = "None"; VariantName = "[No Variations]"
Add component (AddParameter): Name = "SnapEDA_Link"; Value = "https://www.snapeda.com/parts/RN2903-I/RM095/Microchip/view-part/465037/?ref=snap"; VariantName = "[No Variations]"
Add component (AddParameter): Name = "Value"; Value = ""; VariantName = "[No Variations]"
Added Pin To Net: NetName=GND Pin=C?-1
Added Pin To Net: NetName=GND Pin=C?-1
Added Pin To Net: NetName=3V3 Pin=C?-2
Added Pin To Net: NetName=3V3 Pin=C?-2
Added Pin To Net: NetName=GND Pin=J-2
Added Pin To Net: NetName=GND Pin=J-3
Added Pin To Net: NetName=GND Pin=J-4
Added Pin To Net: NetName=GND Pin=P?-1
Added Pin To Net: NetName=GND Pin=P?-1
Added Pin To Net: NetName=GPIO9/RE2 Pin=P?-2
Added Pin To Net: NetName=PGC Pin=P?-2
Added Pin To Net: NetName=RTS/RA7 Pin=P?-2
Added Pin To Net: NetName=CTS/RA6 Pin=P?-3
Added Pin To Net: NetName=GPIO8/RD2 Pin=P?-3
Added Pin To Net: NetName=PGD Pin=P?-3
Added Pin To Net: NetName=GND Pin=P?-4
Added Pin To Net: NetName=GPIO7/RE1 Pin=P?-4
Added Pin To Net: NetName=SCL Pin=P?-4
Added Pin To Net: NetName=3V3 Pin=P?-5
Added Pin To Net: NetName=GPIO6/RE0 Pin=P?-5
Added Pin To Net: NetName=SDA Pin=P?-5
Added Pin To Net: NetName=GPIO5/RA5 Pin=P?-6
Added Pin To Net: NetName=M\C\L\R\/VPP Pin=P?-6
Added Pin To Net: NetName=TX/RC6 Pin=P?-6
Added Pin To Net: NetName=GPIO4/RA4 Pin=P?-7
Added Pin To Net: NetName=RX/RC7 Pin=P?-7
Added Pin To Net: NetName=GPIO3/RA3 Pin=P?-8
Added Pin To Net: NetName=GPIO13/RD6 Pin=P?-8
Added Pin To Net: NetName=GPIO2/RA2 Pin=P?-9
Added Pin To Net: NetName=GPIO12/RD7 Pin=P?-9
Added Pin To Net: NetName=GPIO1/RA1 Pin=P?-10
Added Pin To Net: NetName=GPIO11/RD5 Pin=P?-10
Added Pin To Net: NetName=GPIO0/RA0 Pin=P?-11
Added Pin To Net: NetName=GPIO10/RC5 Pin=P?-11
Added Pin To Net: NetName=3V3 Pin=P?-12
Added Pin To Net: NetName=3V3 Pin=P?-12
Added Pin To Net: NetName=GND Pin=U-1
Added Pin To Net: NetName=RTS/RA7 Pin=U-2
Added Pin To Net: NetName=CTS/RA6 Pin=U-3
Added Pin To Net: NetName=SCL Pin=U-4
Added Pin To Net: NetName=SDA Pin=U-5
Added Pin To Net: NetName=TX/RC6 Pin=U-6
Added Pin To Net: NetName=RX/RC7 Pin=U-7
Added Pin To Net: NetName=GND Pin=U-8
Added Pin To Net: NetName=GPIO13/RD6 Pin=U-9
Added Pin To Net: NetName=GPIO12/RD7 Pin=U-10
Added Pin To Net: NetName=GND Pin=U-11
Added Pin To Net: NetName=3V3 Pin=U-12
Added Pin To Net: NetName=GPIO11/RD5 Pin=U-13
Added Pin To Net: NetName=GPIO10/RC5 Pin=U-14
Added Pin To Net: NetName=GND Pin=U-20
Added Pin To Net: NetName=GND Pin=U-21
Added Pin To Net: NetName=GND Pin=U-22
Added Pin To Net: NetName=GND Pin=U-24
Added Pin To Net: NetName=PGC Pin=U-30
Added Pin To Net: NetName=PGD Pin=U-31
Added Pin To Net: NetName=M\C\L\R\/VPP Pin=U-32
Added Pin To Net: NetName=3V3 Pin=U-34
Added Pin To Net: NetName=GPIO0/RA0 Pin=U-35
Added Pin To Net: NetName=GPIO1/RA1 Pin=U-36
Added Pin To Net: NetName=GPIO2/RA2 Pin=U-37
Added Pin To Net: NetName=GPIO3/RA3 Pin=U-38
Added Pin To Net: NetName=GPIO4/RA4 Pin=U-39
Added Pin To Net: NetName=GPIO5/RA5 Pin=U-40
Added Pin To Net: NetName=GPIO6/RE0 Pin=U-43
Added Pin To Net: NetName=GPIO7/RE1 Pin=U-44
Added Pin To Net: NetName=GPIO8/RD2 Pin=U-45
Added Pin To Net: NetName=GPIO9/RE2 Pin=U-46
Added Pin To Net: NetName=NetJ_1 Pin=J-1
Added Pin To Net: NetName=NetJ_1 Pin=U-23
Added Net: Name=NetJ_1
Added Member To Class: ClassName=Sheet1 Member=Component C? Cap
Added Member To Class: ClassName=Sheet1 Member=Component C? Cap
Added Member To Class: ClassName=Sheet1 Member=Component J RSP-122811-02
Added Member To Class: ClassName=Sheet1 Member=Component P? Header 6
Added Member To Class: ClassName=Sheet1 Member=Component P? Header 12
Added Member To Class: ClassName=Sheet1 Member=Component P? Header 12
Added Member To Class: ClassName=Sheet1 Member=Component U RN2903-I/RM095
Added Room: Name=Sheet1
