Added Net: Name=3V3
Added Net: Name=CTS/RA6
Added Net: Name=GND
Added Net: Name=GPIO0/RA0
Added Net: Name=GPIO1/RA1
Added Net: Name=GPIO2/RA2
Added Net: Name=GPIO3/RA3
Added Net: Name=GPIO4/RA4
Added Net: Name=GPIO5/RA5
Added Net: Name=GPIO6/RE0
Added Net: Name=GPIO7/RE1
Added Net: Name=GPIO8/RD2
Added Net: Name=GPIO9/RE2
Added Net: Name=GPIO10/RC5
Added Net: Name=GPIO11/RD5
Added Net: Name=GPIO12/RD7
Added Net: Name=GPIO13/RD6
Added Net: Name=M\C\L\R\/VPP
Added Net: Name=NetJ?_SIG
Added Net: Name=PGC
Added Net: Name=PGD
Added Net: Name=RTS/RA7
Added Net: Name=RX/RC7
Added Net: Name=SCL
Added Net: Name=SDA
Added Net: Name=TX/RC6
Added Class: Name=Sheet1
Added Room: Name=Sheet1
